<testsuites id="" name="" tests="1" failures="0" skipped="0" errors="0" time="12.241623999999982">
<testsuite name="e2e\addUserCredentias.test.ts" timestamp="2026-02-27T13:32:00.204Z" hostname="chromium" tests="1" failures="0" skipped="0" time="9.06" errors="0">
<testcase name="Add User Credentials ›  SCRUM-1 LOGIN" classname="e2e\addUserCredentias.test.ts" time="9.06">
<system-out>
<![CDATA[APP_USERNAME: Admin
APP_PASSWORD: admin123
Aun falta

[[ATTACHMENT|..\test-results\e2e-addUserCredentias-Add-User-Credentials-SCRUM-1-LOGIN-chromium\test-finished-1.png]]
]]>
</system-out>
</testcase>
</testsuite>
</testsuites>